Arguments: 
  D:\tools\nodejs_v6.11.2\node.exe C:\Users\Administrator\AppData\Roaming\npm\node_modules\yarn\bin\yarn.js add jquery

PATH: 
  ./;C:\Windows\system32;D:\tools\maven\apache-maven-3.1.1\bin;C:\Program Files (x86)\Common Files\NetSarang;D:\app\Jsong\win32_client;D:\app\Jsong\product\11.2.0\dbhome_1\bin;D:\java\jdk\jdk\jdk1.8.0_25\bin;D:\java\jdk\jdk\jdk1.8.0_25\jre\bin;D:\Python\Python36;D:\Python\Python27;D:\TortoiseGit\bin;D:\Rational\common;D:\Go\bin;D:\tools\mingw-w64\x86_64-4.9.2-win32-seh-rt_v3-rev0\mingw64\bin;D:\Git\cmd;D:\PowerShell\6\;D:\tools\nodejs_v6.11.2\;D:\bandizip\;C:\Program Files (x86)\neusoft\SeasControl\imgctrl;D:\Git\bin;D:\Go\bin\;D:\tools\Docker\Docker Toolbox;C:\Users\Administrator\AppData\Local\Programs\Microsoft VS Code\bin;C:\Users\Administrator\AppData\Roaming\npm

Yarn version: 
  1.13.0

Node version: 
  10.15.3

Platform: 
  win32 x64

Trace: 
  Error: getaddrinfo ENOTFOUND registry.npm.taobao.org registry.npm.taobao.org:80
      at GetAddrInfoReqWrap.onlookup [as oncomplete] (dns.js:56:26)

npm manifest: 
  {
    "name": "mochalearn",
    "version": "1.0.0",
    "description": "jsong mocha learn",
    "main": "index.js",
    "directories": {
      "lib": "lib",
      "test": "test"
    },
    "scripts": {
      "test": "mocha"
    },
    "author": "jsong",
    "license": "MIT",
    "dependencies": {
      "jquery": "2.2.4"
    },
    "devDependencies": {
      "should": "^13.2.3"
    }
  }

yarn manifest: 
  No manifest

Lockfile: 
  # THIS IS AN AUTOGENERATED FILE. DO NOT EDIT THIS FILE DIRECTLY.
  # yarn lockfile v1
  
  
  jquery@2.2.4:
    version "2.2.4"
    resolved "http://registry.npm.taobao.org/jquery/download/jquery-2.2.4.tgz#2c89d6889b5eac522a7eea32c14521559c6cbf02"
    integrity sha1-LInWiJterFIqfuoywUUhVZxsvwI=
  
  should-equal@^2.0.0:
    version "2.0.0"
    resolved "http://registry.npm.taobao.org/should-equal/download/should-equal-2.0.0.tgz#6072cf83047360867e68e98b09d71143d04ee0c3"
    integrity sha1-YHLPgwRzYIZ+aOmLCdcRQ9BO4MM=
    dependencies:
      should-type "^1.4.0"
  
  should-format@^3.0.3:
    version "3.0.3"
    resolved "http://registry.npm.taobao.org/should-format/download/should-format-3.0.3.tgz#9bfc8f74fa39205c53d38c34d717303e277124f1"
    integrity sha1-m/yPdPo5IFxT04w01xcwPidxJPE=
    dependencies:
      should-type "^1.3.0"
      should-type-adaptors "^1.0.1"
  
  should-type-adaptors@^1.0.1:
    version "1.1.0"
    resolved "http://registry.npm.taobao.org/should-type-adaptors/download/should-type-adaptors-1.1.0.tgz#401e7f33b5533033944d5cd8bf2b65027792e27a"
    integrity sha1-QB5/M7VTMDOUTVzYvytlAneS4no=
    dependencies:
      should-type "^1.3.0"
      should-util "^1.0.0"
  
  should-type@^1.3.0, should-type@^1.4.0:
    version "1.4.0"
    resolved "http://registry.npm.taobao.org/should-type/download/should-type-1.4.0.tgz#0756d8ce846dfd09843a6947719dfa0d4cff5cf3"
    integrity sha1-B1bYzoRt/QmEOmlHcZ36DUz/XPM=
  
  should-util@^1.0.0:
    version "1.0.0"
    resolved "http://registry.npm.taobao.org/should-util/download/should-util-1.0.0.tgz#c98cda374aa6b190df8ba87c9889c2b4db620063"
    integrity sha1-yYzaN0qmsZDfi6h8mInCtNtiAGM=
  
  should@^13.2.3:
    version "13.2.3"
    resolved "http://registry.npm.taobao.org/should/download/should-13.2.3.tgz#96d8e5acf3e97b49d89b51feaa5ae8d07ef58f10"
    integrity sha1-ltjlrPPpe0nYm1H+qlro0H71jxA=
    dependencies:
      should-equal "^2.0.0"
      should-format "^3.0.3"
      should-type "^1.4.0"
      should-type-adaptors "^1.0.1"
      should-util "^1.0.0"
